Running: C:\Xilinx\14.7\ISE_DS\ISE\bin\nt64\unwrapped\fuse.exe -intstyle ise -incremental -lib secureip -o C:/Users/MC-PC-00-Student/Desktop/CPU_Controller-20191029T090228Z-001/CPU_Controller/teset_isim_beh.exe -prj C:/Users/MC-PC-00-Student/Desktop/CPU_Controller-20191029T090228Z-001/CPU_Controller/teset_beh.prj work.teset 
ISim P.20131013 (signature 0x7708f090)
Number of CPUs detected in this system: 8
Turning on mult-threading, number of parallel sub-compilation jobs: 16 
Determining compilation order of HDL files
Parsing VHDL file "C:/Users/MC-PC-00-Student/Desktop/CPU_Controller-20191029T090228Z-001/CPU_Controller/UnitTwo.vhd" into library work
Parsing VHDL file "C:/Users/MC-PC-00-Student/Desktop/CPU_Controller-20191029T090228Z-001/CPU_Controller/UnitOne.vhd" into library work
Parsing VHDL file "C:/Users/MC-PC-00-Student/Desktop/CPU_Controller-20191029T090228Z-001/CPU_Controller/Main.vhd" into library work
Parsing VHDL file "C:/Users/MC-PC-00-Student/Desktop/CPU_Controller-20191029T090228Z-001/CPU_Controller/teset.vhd" into library work
Starting static elaboration
Completed static elaboration
Compiling package standard
Compiling package std_logic_1164
Compiling architecture behavioral of entity UnitOne [unitone_default]
Compiling architecture behavioral of entity UnitTwo [unittwo_default]
Compiling architecture behavioral of entity Main [main_default]
Compiling architecture behavior of entity teset
Time Resolution for simulation is 1ps.
WARNING:Simulator - Unable to copy libPortabilityNOSH.dll to the simulation executable directory: boost::filesystem::copy_file: The system cannot find the path specified, "isim\teset_isim_beh.exe.sim\libPortability.dll".
Compiled 9 VHDL Units
Built simulation executable C:/Users/MC-PC-00-Student/Desktop/CPU_Controller-20191029T090228Z-001/CPU_Controller/teset_isim_beh.exe
Fuse Memory Usage: 29708 KB
Fuse CPU Usage: 515 ms
