#-----------------------------------------------------------
# PlanAhead v14.7
# Build 321239 by xbuild on Fri Sep 27 19:31:35 MDT 2013
# Start of session at: Tue Nov 05 13:13:23 2019
# Process ID: 9612
# Log file: D:/CPU_Controller-20191029T090228Z-001/CPU_Controller/planAhead_run_4/planAhead.log
# Journal file: D:/CPU_Controller-20191029T090228Z-001/CPU_Controller/planAhead_run_4/planAhead.jou
#-----------------------------------------------------------
INFO: [Common 17-78] Attempting to get a license: PlanAhead
INFO: [Common 17-290] Got license for PlanAhead
INFO: [Common 17-86] Your PlanAhead license expires in -309 day(s)
INFO: [Device 21-36] Loading parts and site information from C:/Xilinx/14.7/ISE_DS/PlanAhead/data/parts/arch.xml
Parsing RTL primitives file [C:/Xilinx/14.7/ISE_DS/PlanAhead/data/parts/xilinx/rtl/prims/rtl_prims.xml]
Finished parsing RTL primitives file [C:/Xilinx/14.7/ISE_DS/PlanAhead/data/parts/xilinx/rtl/prims/rtl_prims.xml]
start_gui
source D:/CPU_Controller-20191029T090228Z-001/CPU_Controller/pa.fromHdl.tcl
# create_project -name CPU_Controller -dir "D:/CPU_Controller-20191029T090228Z-001/CPU_Controller/planAhead_run_4" -part xc3s500efg320-4
# set_param project.pinAheadLayout yes
# set srcset [get_property srcset [current_run -impl]]
# set_property target_constrs_file "Main.ucf" [current_fileset -constrset]
Adding file 'D:/CPU_Controller-20191029T090228Z-001/CPU_Controller/Main.ucf' to fileset 'constrs_1'
# set hdlfile [add_files [list {UnitTwo.vhd}]]
# set_property file_type VHDL $hdlfile
# set_property library work $hdlfile
# set hdlfile [add_files [list {UnitOne.vhd}]]
# set_property file_type VHDL $hdlfile
# set_property library work $hdlfile
# set hdlfile [add_files [list {Clk_Divider.vhd}]]
# set_property file_type VHDL $hdlfile
# set_property library work $hdlfile
# set hdlfile [add_files [list {Main.vhd}]]
# set_property file_type VHDL $hdlfile
# set_property library work $hdlfile
# set_property top Main $srcset
# add_files [list {Main.ucf}] -fileset [get_property constrset [current_run]]
# open_rtl_design -part xc3s500efg320-4
Using Verific elaboration
Parsing VHDL file "C:/Xilinx/14.7/ISE_DS/PlanAhead/data/parts/xilinx/rtl/lib/synplify/synattr.vhd" into library synplify
Parsing VHDL file "C:/Xilinx/14.7/ISE_DS/PlanAhead/data/parts/xilinx/rtl/lib/synplify/synattr.vhd" into library synplify
Parsing VHDL file "D:/CPU_Controller-20191029T090228Z-001/CPU_Controller/UnitTwo.vhd" into library work
Parsing VHDL file "D:/CPU_Controller-20191029T090228Z-001/CPU_Controller/UnitOne.vhd" into library work
Parsing VHDL file "D:/CPU_Controller-20191029T090228Z-001/CPU_Controller/Clk_Divider.vhd" into library work
Parsing VHDL file "D:/CPU_Controller-20191029T090228Z-001/CPU_Controller/Main.vhd" into library work
INFO: [Designutils 20-910] Reading macro library C:/Xilinx/14.7/ISE_DS/PlanAhead/data\./parts/xilinx/spartan3e/spartan3e/hd_int_macros.edn
Parsing EDIF File [C:/Xilinx/14.7/ISE_DS/PlanAhead/data\./parts/xilinx/spartan3e/spartan3e/hd_int_macros.edn]
Finished Parsing EDIF File [C:/Xilinx/14.7/ISE_DS/PlanAhead/data\./parts/xilinx/spartan3e/spartan3e/hd_int_macros.edn]
Loading clock regions from C:/Xilinx/14.7/ISE_DS/PlanAhead/data\parts/xilinx/spartan3e/spartan3e/xc3s500e/ClockRegion.xml
Loading clock buffers from C:/Xilinx/14.7/ISE_DS/PlanAhead/data\parts/xilinx/spartan3e/spartan3e/xc3s500e/ClockBuffers.xml
Loading package from C:/Xilinx/14.7/ISE_DS/PlanAhead/data\parts/xilinx/spartan3e/spartan3e/xc3s500e/fg320/Package.xml
Loading io standards from C:/Xilinx/14.7/ISE_DS/PlanAhead/data\./parts/xilinx/spartan3e/IOStandards.xml
INFO: [Device 21-19] Loading pkg sso from C:/Xilinx/14.7/ISE_DS/PlanAhead/data\parts/xilinx/spartan3e/spartan3e/xc3s500e/fg320/SSORules.xml
Loading list of drcs for the architecture : C:/Xilinx/14.7/ISE_DS/PlanAhead/data\./parts/xilinx/spartan3e/spartan3e/drc.xml
INFO: [Timing 38-77] Reading timing library C:/Xilinx/14.7/ISE_DS/PlanAhead/data\parts/xilinx/spartan3e/spartan3e/spartan3e-4.lib.
INFO: [Timing 38-34] Done reading timing library C:/Xilinx/14.7/ISE_DS/PlanAhead/data\parts/xilinx/spartan3e/spartan3e/spartan3e-4.lib.
Parsing UCF File [D:/CPU_Controller-20191029T090228Z-001/CPU_Controller/Main.ucf]
CRITICAL WARNING: [Designutils 20-7] Could not create 'IOSTANDARD' constraint on 'C' because invalid IOSTANDARD value 'MOBILE_DDR' specified. The default IOSTANDARD will be used instead [D:/CPU_Controller-20191029T090228Z-001/CPU_Controller/Main.ucf:5]
CRITICAL WARNING: [Designutils 20-7] Could not create 'IOSTANDARD' constraint on 'ALU_EN' because invalid IOSTANDARD value 'HSTL_II' specified. The default IOSTANDARD will be used instead [D:/CPU_Controller-20191029T090228Z-001/CPU_Controller/Main.ucf:6]
CRITICAL WARNING: [Designutils 20-7] Could not create 'IOSTANDARD' constraint on 'A_WR' because invalid IOSTANDARD value 'HSTL_I' specified. The default IOSTANDARD will be used instead [D:/CPU_Controller-20191029T090228Z-001/CPU_Controller/Main.ucf:27]
Finished Parsing UCF File [D:/CPU_Controller-20191029T090228Z-001/CPU_Controller/Main.ucf]
INFO: [Designutils 20-20] Invalid constraints found, use command 'write_ucf -constraints invalid <file>' to save all the invalid constraints to a file
INFO: [Project 1-111] Unisim Transformation Summary:
No Unisim elements were transformed.

Phase 0 | Netlist Checksum: 68bedca1
update_compile_order -fileset sim_1
startgroup
set_property package_pin F7 [get_ports A_WR]
endgroup
set_property is_loc_fixed false [get_ports [list  A_WR]]
set_property is_loc_fixed true [get_ports [list  A_WR]]
save_constraints
exit
ERROR: [PlanAhead 12-106] *** Exception: ui.h.b: Found deleted key in HTclEventBroker. Verify if the classes listed here call cleanup()
HTclEvent: DEBUG_CORE_CONFIG_CHANGE   Classes: ui.views.aR 
HTclEvent: SIGNAL_BUS_MODIFY   Classes: ui.views.aR 
HTclEvent: DEBUG_PORT_CONFIG_CHANGE   Classes: ui.views.aR 
HTclEvent: SIGNAL_MODIFY   Classes: ui.views.aR 
 (See D:/CPU_Controller-20191029T090228Z-001/CPU_Controller\planAhead_pid9612.debug)
ERROR: [Common 17-39] 'stop_gui' failed due to earlier errors.
INFO: [Common 17-206] Exiting PlanAhead at Tue Nov 05 13:14:24 2019...
INFO: [Common 17-83] Releasing license: PlanAhead
