#-----------------------------------------------------------
# PlanAhead v14.7
# Build 321239 by xbuild on Fri Sep 27 19:31:35 MDT 2013
# Start of session at: Tue Nov 05 12:47:05 2019
# Process ID: 5132
# Log file: D:/CPU_Controller-20191029T090228Z-001/CPU_Controller/planAhead_run_3/planAhead.log
# Journal file: D:/CPU_Controller-20191029T090228Z-001/CPU_Controller/planAhead_run_3/planAhead.jou
#-----------------------------------------------------------
INFO: [Common 17-78] Attempting to get a license: PlanAhead
INFO: [Common 17-290] Got license for PlanAhead
INFO: [Common 17-86] Your PlanAhead license expires in -309 day(s)
INFO: [Device 21-36] Loading parts and site information from C:/Xilinx/14.7/ISE_DS/PlanAhead/data/parts/arch.xml
Parsing RTL primitives file [C:/Xilinx/14.7/ISE_DS/PlanAhead/data/parts/xilinx/rtl/prims/rtl_prims.xml]
Finished parsing RTL primitives file [C:/Xilinx/14.7/ISE_DS/PlanAhead/data/parts/xilinx/rtl/prims/rtl_prims.xml]
start_gui
source D:/CPU_Controller-20191029T090228Z-001/CPU_Controller/pa.fromHdl.tcl
# create_project -name CPU_Controller -dir "D:/CPU_Controller-20191029T090228Z-001/CPU_Controller/planAhead_run_3" -part xc7a100tcsg324-3
# set_param project.pinAheadLayout yes
# set srcset [get_property srcset [current_run -impl]]
# set_property target_constrs_file "Main.ucf" [current_fileset -constrset]
Adding file 'D:/CPU_Controller-20191029T090228Z-001/CPU_Controller/Main.ucf' to fileset 'constrs_1'
# set hdlfile [add_files [list {UnitTwo.vhd}]]
# set_property file_type VHDL $hdlfile
# set_property library work $hdlfile
# set hdlfile [add_files [list {UnitOne.vhd}]]
# set_property file_type VHDL $hdlfile
# set_property library work $hdlfile
# set hdlfile [add_files [list {Clk_Divider.vhd}]]
# set_property file_type VHDL $hdlfile
# set_property library work $hdlfile
# set hdlfile [add_files [list {Main.vhd}]]
# set_property file_type VHDL $hdlfile
# set_property library work $hdlfile
# set_property top Main $srcset
# add_files [list {Main.ucf}] -fileset [get_property constrset [current_run]]
# open_rtl_design -part xc7a100tcsg324-3
Using Verific elaboration
Parsing VHDL file "C:/Xilinx/14.7/ISE_DS/PlanAhead/data/parts/xilinx/rtl/lib/synplify/synattr.vhd" into library synplify
Parsing VHDL file "C:/Xilinx/14.7/ISE_DS/PlanAhead/data/parts/xilinx/rtl/lib/synplify/synattr.vhd" into library synplify
Parsing VHDL file "D:/CPU_Controller-20191029T090228Z-001/CPU_Controller/UnitTwo.vhd" into library work
Parsing VHDL file "D:/CPU_Controller-20191029T090228Z-001/CPU_Controller/UnitOne.vhd" into library work
Parsing VHDL file "D:/CPU_Controller-20191029T090228Z-001/CPU_Controller/Clk_Divider.vhd" into library work
Parsing VHDL file "D:/CPU_Controller-20191029T090228Z-001/CPU_Controller/Main.vhd" into library work
Loading clock regions from C:/Xilinx/14.7/ISE_DS/PlanAhead/data\parts/xilinx/artix7/artix7/xc7a100t/ClockRegion.xml
Loading clock buffers from C:/Xilinx/14.7/ISE_DS/PlanAhead/data\parts/xilinx/artix7/artix7/xc7a100t/ClockBuffers.xml
Loading clock placement rules from C:/Xilinx/14.7/ISE_DS/PlanAhead/data/parts/xilinx/artix7/ClockPlacerRules.xml
Loading package pin functions from C:/Xilinx/14.7/ISE_DS/PlanAhead/data\parts/xilinx/artix7/PinFunctions.xml...
Loading package from C:/Xilinx/14.7/ISE_DS/PlanAhead/data\parts/xilinx/artix7/artix7/xc7a100t/csg324/Package.xml
Loading io standards from C:/Xilinx/14.7/ISE_DS/PlanAhead/data\./parts/xilinx/artix7/IOStandards.xml
Loading device configuration modes from C:/Xilinx/14.7/ISE_DS/PlanAhead/data\parts/xilinx/artix7/ConfigModes.xml
Loading list of drcs for the architecture : C:/Xilinx/14.7/ISE_DS/PlanAhead/data\./parts/xilinx/artix7/drc.xml
Parsing UCF File [D:/CPU_Controller-20191029T090228Z-001/CPU_Controller/Main.ucf]
Finished Parsing UCF File [D:/CPU_Controller-20191029T090228Z-001/CPU_Controller/Main.ucf]
INFO: [Project 1-111] Unisim Transformation Summary:
No Unisim elements were transformed.

Phase 0 | Netlist Checksum: 68bedca1
open_rtl_design: Time (s): elapsed = 00:00:09 . Memory (MB): peak = 760.457 ; gain = 332.391
update_compile_order -fileset sim_1
set_property package_pin "" [get_ports [list  ALU_EN]]
set_property iostandard MOBILE_DDR [get_ports [list ALU_EN]]
set_property package_pin "" [get_ports [list  ALU_EN]]
set_property iostandard PCI33_3 [get_ports [list ALU_EN]]
set_property offchip_term FP_VTT_50 [get_ports [list ALU_EN]]
set_property iostandard MOBILE_DDR [get_ports [list ALU_EN]]
set_property iostandard LVCMOS18 [get_ports [list ALU_MUX]]
set_property iostandard MOBILE_DDR [get_ports [list C]]
set_property iostandard HSTL_II [get_ports [list ALU_EN]]
set_property package_pin "" [get_ports [list  ALU_EN]]
set_property package_pin "" [get_ports [list  ALU_EN]]
set_property package_pin "" [get_ports [list  ALU_EN]]
set_property package_pin "" [get_ports [list  RAM_WR]]
set_property package_pin "" [get_ports [list  RAM_RD]]
set_property iostandard LVCMOS18 [get_ports [list RAM_RD]]
startgroup
set_property package_pin B4 [get_ports RAM_WR]
endgroup
set_property iostandard LVCMOS18 [get_ports [list RAM_WR]]
set_property package_pin "" [get_ports [list  PC_RESET]]
startgroup
set_property package_pin A4 [get_ports PC_RESET]
endgroup
set_property is_loc_fixed false [get_ports [list  PC_RESET]]
startgroup
set_property package_pin D5 [get_ports RAM_MUX]
endgroup
set_property is_loc_fixed false [get_ports [list  RAM_MUX]]
set_property is_loc_fixed true [get_ports [list  RAM_MUX]]
set_property is_loc_fixed true [get_ports [list  PC_RESET]]
set_property is_loc_fixed false [get_ports [list  PC_RESET]]
set_property is_loc_fixed true [get_ports [list  PC_RESET]]
startgroup
set_property package_pin A6 [get_ports IR_WR]
endgroup
set_property is_loc_fixed false [get_ports [list  IR_WR]]
set_property is_loc_fixed true [get_ports [list  IR_WR]]
startgroup
set_property package_pin E7 [get_ports PC_INC]
endgroup
set_property is_loc_fixed false [get_ports [list  PC_INC]]
set_property is_loc_fixed true [get_ports [list  PC_INC]]
startgroup
set_property package_pin C5 [get_ports FLAG_WR]
endgroup
set_property is_loc_fixed false [get_ports [list  FLAG_WR]]
set_property is_loc_fixed true [get_ports [list  FLAG_WR]]
startgroup
set_property package_pin B6 [get_ports ALU_MUX]
endgroup
set_property is_loc_fixed false [get_ports [list  ALU_MUX]]
set_property package_pin "" [get_ports [list  A_WR]]
set_property iostandard HSTL_I [get_ports [list A_WR]]
set_property package_pin "" [get_ports [list  A_WR]]
save_constraints
exit
ERROR: [PlanAhead 12-106] *** Exception: ui.h.b: Found deleted key in HTclEventBroker. Verify if the classes listed here call cleanup()
HTclEvent: DEBUG_PORT_CONFIG_CHANGE   Classes: ui.views.aR 
HTclEvent: DEBUG_CORE_CONFIG_CHANGE   Classes: ui.views.aR 
HTclEvent: SIGNAL_MODIFY   Classes: ui.views.aR 
HTclEvent: SIGNAL_BUS_MODIFY   Classes: ui.views.aR 
 (See D:/CPU_Controller-20191029T090228Z-001/CPU_Controller\planAhead_pid5132.debug)
ERROR: [Common 17-39] 'stop_gui' failed due to earlier errors.
INFO: [Common 17-206] Exiting PlanAhead at Tue Nov 05 13:12:56 2019...
INFO: [Common 17-83] Releasing license: PlanAhead
